[35m[1mConsolidate compiler generated dependencies of target testRigidBodyPlanning[0m
[ 50%] [32mBuilding CXX object CMakeFiles/testRigidBodyPlanning.dir/src/RigidBodyPlanning.cpp.o[0m
[01m[K/home/erl-tianyu/Nikola_ws/ros2_ws/src/my_ompl/cpp/src/RigidBodyPlanning.cpp:[m[K In function â€˜[01m[Kvoid planWithSimpleSetup()[m[Kâ€™:
[01m[K/home/erl-tianyu/Nikola_ws/ros2_ws/src/my_ompl/cpp/src/RigidBodyPlanning.cpp:118:12:[m[K [01;31m[Kerror: [m[Kâ€˜[01m[Kusing StateType = using StateType = class ompl::base::State[m[Kâ€™ {aka â€˜[01m[Kclass ompl::base::State[m[Kâ€™} has no member named â€˜[01m[KsetXYZ[m[Kâ€™
  118 |     start->[01;31m[KsetXYZ[m[K(1.0, 2.0, 3.0);
      |            [01;31m[K^~~~~~[m[K
gmake[2]: *** [CMakeFiles/testRigidBodyPlanning.dir/build.make:76: CMakeFiles/testRigidBodyPlanning.dir/src/RigidBodyPlanning.cpp.o] Error 1
gmake[1]: *** [CMakeFiles/Makefile2:83: CMakeFiles/testRigidBodyPlanning.dir/all] Error 2
gmake: *** [Makefile:136: all] Error 2
