[35m[1mConsolidate compiler generated dependencies of target testRigidBodyPlanning[0m
[ 50%] [32mBuilding CXX object CMakeFiles/testRigidBodyPlanning.dir/src/RigidBodyPlanning.cpp.o[0m
[01m[K/home/erl-tianyu/Nikola_ws/ros2_ws/src/my_ompl/cpp/src/RigidBodyPlanning.cpp:[m[K In function â€˜[01m[Kvoid planWithSimpleSetup()[m[Kâ€™:
[01m[K/home/erl-tianyu/Nikola_ws/ros2_ws/src/my_ompl/cpp/src/RigidBodyPlanning.cpp:117:12:[m[K [01;31m[Kerror: [m[Krequest for member â€˜[01m[KsetX[m[Kâ€™ in â€˜[01m[Kstart.ompl::base::ScopedState<>::operator()()[m[Kâ€™, which is of pointer type â€˜[01m[Kompl::base::ScopedState<>::StateType*[m[Kâ€™ {aka â€˜[01m[Kompl::base::State*[m[Kâ€™} (maybe you meant to use â€˜[01m[K->[m[Kâ€™ ?)
  117 |    start().[01;31m[KsetX[m[K(1.0);
      |            [01;31m[K^~~~[m[K
[01m[K/home/erl-tianyu/Nikola_ws/ros2_ws/src/my_ompl/cpp/src/RigidBodyPlanning.cpp:118:12:[m[K [01;31m[Kerror: [m[Krequest for member â€˜[01m[KsetY[m[Kâ€™ in â€˜[01m[Kstart.ompl::base::ScopedState<>::operator()()[m[Kâ€™, which is of pointer type â€˜[01m[Kompl::base::ScopedState<>::StateType*[m[Kâ€™ {aka â€˜[01m[Kompl::base::State*[m[Kâ€™} (maybe you meant to use â€˜[01m[K->[m[Kâ€™ ?)
  118 |    start().[01;31m[KsetY[m[K(1.0);
      |            [01;31m[K^~~~[m[K
[01m[K/home/erl-tianyu/Nikola_ws/ros2_ws/src/my_ompl/cpp/src/RigidBodyPlanning.cpp:119:12:[m[K [01;31m[Kerror: [m[Krequest for member â€˜[01m[KsetZ[m[Kâ€™ in â€˜[01m[Kstart.ompl::base::ScopedState<>::operator()()[m[Kâ€™, which is of pointer type â€˜[01m[Kompl::base::ScopedState<>::StateType*[m[Kâ€™ {aka â€˜[01m[Kompl::base::State*[m[Kâ€™} (maybe you meant to use â€˜[01m[K->[m[Kâ€™ ?)
  119 |    start().[01;31m[KsetZ[m[K(1.0);
      |            [01;31m[K^~~~[m[K
[01m[K/home/erl-tianyu/Nikola_ws/ros2_ws/src/my_ompl/cpp/src/RigidBodyPlanning.cpp:125:9:[m[K [01;31m[Kerror: [m[Kâ€˜[01m[Kclass ompl::base::ScopedState<>[m[Kâ€™ has no member named â€˜[01m[KsetX[m[Kâ€™
  125 |    goal.[01;31m[KsetX[m[K(5.0);
      |         [01;31m[K^~~~[m[K
[01m[K/home/erl-tianyu/Nikola_ws/ros2_ws/src/my_ompl/cpp/src/RigidBodyPlanning.cpp:126:9:[m[K [01;31m[Kerror: [m[Kâ€˜[01m[Kclass ompl::base::ScopedState<>[m[Kâ€™ has no member named â€˜[01m[KsetY[m[Kâ€™
  126 |    goal.[01;31m[KsetY[m[K(5.0);
      |         [01;31m[K^~~~[m[K
[01m[K/home/erl-tianyu/Nikola_ws/ros2_ws/src/my_ompl/cpp/src/RigidBodyPlanning.cpp:127:9:[m[K [01;31m[Kerror: [m[Kâ€˜[01m[Kclass ompl::base::ScopedState<>[m[Kâ€™ has no member named â€˜[01m[KsetZ[m[Kâ€™
  127 |    goal.[01;31m[KsetZ[m[K(5.0);
      |         [01;31m[K^~~~[m[K
gmake[2]: *** [CMakeFiles/testRigidBodyPlanning.dir/build.make:76: CMakeFiles/testRigidBodyPlanning.dir/src/RigidBodyPlanning.cpp.o] Error 1
gmake[1]: *** [CMakeFiles/Makefile2:83: CMakeFiles/testRigidBodyPlanning.dir/all] Error 2
gmake: *** [Makefile:136: all] Error 2
