[35m[1mConsolidate compiler generated dependencies of target testRigidBodyPlanning[0m
[ 50%] [32mBuilding CXX object CMakeFiles/testRigidBodyPlanning.dir/src/RigidBodyPlanning.cpp.o[0m
[01m[K/home/erl-tianyu/Nikola_ws/ros2_ws/src/my_ompl/cpp/src/RigidBodyPlanning.cpp:[m[K In function â€˜[01m[Kvoid plan()[m[Kâ€™:
[01m[K/home/erl-tianyu/Nikola_ws/ros2_ws/src/my_ompl/cpp/src/RigidBodyPlanning.cpp:63:38:[m[K [01;31m[Kerror: [m[Kâ€˜[01m[KLazyRRT[m[Kâ€™ is not a member of â€˜[01m[Kog[m[Kâ€™
   63 |    auto planner(std::make_shared<og::[01;31m[KLazyRRT[m[K>(si));
      |                                      [01;31m[K^~~~~~~[m[K
[01m[K/home/erl-tianyu/Nikola_ws/ros2_ws/src/my_ompl/cpp/src/RigidBodyPlanning.cpp:63:38:[m[K [01;31m[Kerror: [m[Kâ€˜[01m[KLazyRRT[m[Kâ€™ is not a member of â€˜[01m[Kog[m[Kâ€™
[01m[K/home/erl-tianyu/Nikola_ws/ros2_ws/src/my_ompl/cpp/src/RigidBodyPlanning.cpp:63:46:[m[K [01;31m[Kerror: [m[Kno matching function for call to â€˜[01m[Kmake_shared<<expression error> >(std::shared_ptr<ompl::base::SpaceInformation>&)[m[Kâ€™
   63 |    auto planner([01;31m[Kstd::make_shared<og::LazyRRT>(si)[m[K);
      |                 [01;31m[K~~~~~~~~~~~~~~~~~~~~~~~~~~~~~^~~~[m[K
In file included from [01m[K/usr/include/c++/11/memory:77[m[K,
                 from [01m[K/home/erl-tianyu/Nikola_ws/ros2_ws/install/ompl/include/ompl-1.6/ompl/util/ClassForward.h:40[m[K,
                 from [01m[K/home/erl-tianyu/Nikola_ws/ros2_ws/install/ompl/include/ompl-1.6/ompl/base/StateValidityChecker.h:41[m[K,
                 from [01m[K/home/erl-tianyu/Nikola_ws/ros2_ws/install/ompl/include/ompl-1.6/ompl/base/SpaceInformation.h:41[m[K,
                 from [01m[K/home/erl-tianyu/Nikola_ws/ros2_ws/src/my_ompl/cpp/src/RigidBodyPlanning.cpp:1[m[K:
[01m[K/usr/include/c++/11/bits/shared_ptr.h:875:5:[m[K [01;36m[Knote: [m[Kcandidate: â€˜[01m[Ktemplate<class _Tp, class ... _Args> std::shared_ptr<_Tp> std::make_shared(_Args&& ...)[m[Kâ€™
  875 |     [01;36m[Kmake_shared[m[K(_Args&&... __args)
      |     [01;36m[K^~~~~~~~~~~[m[K
[01m[K/usr/include/c++/11/bits/shared_ptr.h:875:5:[m[K [01;36m[Knote: [m[K  template argument deduction/substitution failed:
[01m[K/home/erl-tianyu/Nikola_ws/ros2_ws/src/my_ompl/cpp/src/RigidBodyPlanning.cpp:63:46:[m[K [01;31m[Kerror: [m[Ktemplate argument 1 is invalid
   63 |    auto planner([01;31m[Kstd::make_shared<og::LazyRRT>(si)[m[K);
      |                 [01;31m[K~~~~~~~~~~~~~~~~~~~~~~~~~~~~~^~~~[m[K
gmake[2]: *** [CMakeFiles/testRigidBodyPlanning.dir/build.make:76: CMakeFiles/testRigidBodyPlanning.dir/src/RigidBodyPlanning.cpp.o] Error 1
gmake[1]: *** [CMakeFiles/Makefile2:83: CMakeFiles/testRigidBodyPlanning.dir/all] Error 2
gmake: *** [Makefile:136: all] Error 2
